<?xml version="1.0" encoding="UTF-8"?>
<!-- Generated by org.testng.reporters.JUnitReportReporter -->
<testsuite hostname="DESKTOP-HPR4ORJ" failures="0" tests="2" name="SmokeTesting_Automation.JiraET_Access" time="307.490" errors="0" timestamp="2023-11-23T11:09:56 IST" skipped="0">
  <testcase classname="SmokeTesting_Automation.JiraET_Access" name="Login" time="31.681"/>
  <system-out/>
  <testcase classname="SmokeTesting_Automation.JiraET_Access" name="InfraServices" time="275.809"/>
  <system-out/>
</testsuite> <!-- SmokeTesting_Automation.JiraET_Access -->
