<?xml version="1.0" encoding="UTF-8"?>
<!-- Generated by org.testng.reporters.JUnitReportReporter -->
<testsuite hostname="DESKTOP-HPR4ORJ" failures="0" tests="2" name="InfraStructureServices_testCases.CloudServices_GeneralInquiry" time="378.678" errors="0" timestamp="2023-10-03T18:19:57 IST" skipped="0">
  <testcase classname="InfraStructureServices_testCases.CloudServices_GeneralInquiry" name="Login" time="28.762"/>
  <system-out/>
  <testcase classname="InfraStructureServices_testCases.CloudServices_GeneralInquiry" name="CloudServices" time="349.916"/>
  <system-out/>
</testsuite> <!-- InfraStructureServices_testCases.CloudServices_GeneralInquiry -->
