<?xml version="1.0" encoding="UTF-8"?>
<!-- Generated by org.testng.reporters.JUnitReportReporter -->
<testsuite hostname="SaiBalaji" failures="0" tests="2" name="SmokeTesting_Automation.Application_And_Account_Services" time="453.897" errors="0" timestamp="2023-12-05T09:32:07 IST" skipped="0">
  <testcase classname="SmokeTesting_Automation.Application_And_Account_Services" name="Login" time="37.490"/>
  <system-out/>
  <testcase classname="SmokeTesting_Automation.Application_And_Account_Services" name="AppAccServices" time="416.407"/>
  <system-out/>
</testsuite> <!-- SmokeTesting_Automation.Application_And_Account_Services -->
