<?xml version="1.0" encoding="UTF-8"?>
<!-- Generated by org.testng.reporters.JUnitReportReporter -->
<testsuite hostname="DESKTOP-HPR4ORJ" failures="0" tests="2" name="SmokeTesting_Automation.Software_Services" time="378.867" errors="0" timestamp="2023-11-23T11:17:15 IST" skipped="0">
  <testcase classname="SmokeTesting_Automation.Software_Services" name="Login" time="33.751"/>
  <system-out/>
  <testcase classname="SmokeTesting_Automation.Software_Services" name="SoftwareServices" time="345.116"/>
  <system-out/>
</testsuite> <!-- SmokeTesting_Automation.Software_Services -->
