<?xml version="1.0" encoding="UTF-8"?>
<!-- Generated by org.testng.reporters.JUnitReportReporter -->
<testsuite hostname="DESKTOP-HPR4ORJ" failures="0" tests="2" name="InfraStructureServices_testCases.DataBaseServices_QualityEngineRequests" time="451.760" errors="0" timestamp="2023-10-03T22:26:32 IST" skipped="0">
  <testcase classname="InfraStructureServices_testCases.DataBaseServices_QualityEngineRequests" name="Login" time="29.246"/>
  <system-out/>
  <testcase classname="InfraStructureServices_testCases.DataBaseServices_QualityEngineRequests" name="DBServices_QER" time="422.514"/>
  <system-out/>
</testsuite> <!-- InfraStructureServices_testCases.DataBaseServices_QualityEngineRequests -->
