<?xml version="1.0" encoding="UTF-8"?>
<!-- Generated by org.testng.reporters.JUnitReportReporter -->
<testsuite hostname="DESKTOP-HPR4ORJ" failures="0" tests="2" name="SmokeTesting_Automation.InfraStructure_Services" time="458.879" errors="0" timestamp="2023-11-27T10:28:04 IST" skipped="0">
  <testcase classname="SmokeTesting_Automation.InfraStructure_Services" name="Login" time="27.754"/>
  <system-out/>
  <testcase classname="SmokeTesting_Automation.InfraStructure_Services" name="InfraServices" time="431.125"/>
  <system-out/>
</testsuite> <!-- SmokeTesting_Automation.InfraStructure_Services -->
