<?xml version="1.0" encoding="UTF-8"?>
<!-- Generated by org.testng.reporters.JUnitReportReporter -->
<testsuite hostname="DESKTOP-HPR4ORJ" failures="0" tests="2" name="SmokeTesting_Automation.Hardware_Services" time="630.546" errors="0" timestamp="2023-11-20T18:15:45 IST" skipped="0">
  <testcase classname="SmokeTesting_Automation.Hardware_Services" name="Login" time="42.907"/>
  <system-out/>
  <testcase classname="SmokeTesting_Automation.Hardware_Services" name="HardwareServices" time="587.639"/>
  <system-out/>
</testsuite> <!-- SmokeTesting_Automation.Hardware_Services -->
