<?xml version="1.0" encoding="UTF-8"?>
<!-- Generated by org.testng.reporters.JUnitReportReporter -->
<testsuite hostname="DESKTOP-HPR4ORJ" failures="0" tests="2" name="SmokeTesting_Automation.JiraET_AssignmentGroup" time="395.433" errors="0" timestamp="2023-11-23T14:36:06 IST" skipped="0">
  <testcase classname="SmokeTesting_Automation.JiraET_AssignmentGroup" name="Login" time="30.119"/>
  <system-out/>
  <testcase classname="SmokeTesting_Automation.JiraET_AssignmentGroup" name="InfraServices" time="365.314"/>
  <system-out/>
</testsuite> <!-- SmokeTesting_Automation.JiraET_AssignmentGroup -->
