<?xml version="1.0" encoding="UTF-8"?>
<!-- Generated by org.testng.reporters.JUnitReportReporter -->
<testsuite hostname="DESKTOP-HPR4ORJ" failures="0" tests="2" name="SmokeTesting_Automation.Security_Services" time="381.201" errors="0" timestamp="2023-11-23T13:06:21 IST" skipped="0">
  <testcase classname="SmokeTesting_Automation.Security_Services" name="Login" time="57.590"/>
  <system-out/>
  <testcase classname="SmokeTesting_Automation.Security_Services" name="SecurityServices" time="323.611"/>
  <system-out/>
</testsuite> <!-- SmokeTesting_Automation.Security_Services -->
