<?xml version="1.0" encoding="UTF-8"?>
<!-- Generated by org.testng.reporters.JUnitReportReporter -->
<testsuite hostname="DESKTOP-HPR4ORJ" failures="0" tests="2" name="InfraStructureServices_testCases.EnterpriseStorage_GeneralInquiry" time="662.115" errors="0" timestamp="2023-10-26T09:56:04 IST" skipped="0">
  <testcase classname="InfraStructureServices_testCases.EnterpriseStorage_GeneralInquiry" name="Login" time="53.584"/>
  <system-out/>
  <testcase classname="InfraStructureServices_testCases.EnterpriseStorage_GeneralInquiry" name="EnterpriseMonitoring" time="608.531"/>
  <system-out/>
</testsuite> <!-- InfraStructureServices_testCases.EnterpriseStorage_GeneralInquiry -->
