<?xml version="1.0" encoding="UTF-8"?>
<!-- Generated by org.testng.reporters.JUnitReportReporter -->
<testsuite hostname="DESKTOP-HPR4ORJ" failures="0" tests="2" name="InfraStructureServices_testCases.DatacenterServices_GeneralInquiry" time="750.192" errors="0" timestamp="2023-10-25T12:23:53 IST" skipped="0">
  <testcase classname="InfraStructureServices_testCases.DatacenterServices_GeneralInquiry" name="Login" time="75.809"/>
  <system-out/>
  <testcase classname="InfraStructureServices_testCases.DatacenterServices_GeneralInquiry" name="DatacenterServices" time="674.383"/>
  <system-out/>
</testsuite> <!-- InfraStructureServices_testCases.DatacenterServices_GeneralInquiry -->
