<?xml version="1.0" encoding="UTF-8"?>
<!-- Generated by org.testng.reporters.JUnitReportReporter -->
<testsuite hostname="DESKTOP-HPR4ORJ" failures="0" tests="2" name="SmokeTesting_Automation.JiraET_Contact" time="147.123" errors="0" timestamp="2023-11-23T11:55:32 IST" skipped="0">
  <testcase classname="SmokeTesting_Automation.JiraET_Contact" name="Login" time="35.558"/>
  <system-out/>
  <testcase classname="SmokeTesting_Automation.JiraET_Contact" name="InfraServices" time="111.565"/>
  <system-out/>
</testsuite> <!-- SmokeTesting_Automation.JiraET_Contact -->
