<?xml version="1.0" encoding="UTF-8"?>
<!-- Generated by org.testng.reporters.JUnitReportReporter -->
<testsuite hostname="DESKTOP-HPR4ORJ" failures="0" tests="2" name="SmokeTesting_Automation.Generic_Service_Request" time="232.570" errors="0" timestamp="2023-11-21T14:56:27 IST" skipped="0">
  <testcase classname="SmokeTesting_Automation.Generic_Service_Request" name="Login" time="27.951"/>
  <system-out/>
  <testcase classname="SmokeTesting_Automation.Generic_Service_Request" name="GSRServices" time="204.619"/>
  <system-out/>
</testsuite> <!-- SmokeTesting_Automation.Generic_Service_Request -->
